Containers:
  [+] MainContainer:
   |            ID: 0x0000000000000000
   |        Bounds: IsValid=false, Min=(X=0.000 Y=0.000 Z=0.000), Max=(X=0.000 Y=0.000 Z=0.000)
   |     Transform: 0.000000,0.000000,0.000000|0.000000,0.000000,-0.000000|1.000000,1.000000,1.000000
   |     Container: /Game/ThirdPerson/Maps/ThirdPersonMap
   |  ActorDescs:
   |      - Guid:0D111F8F4FCCA351665D53B98793EFAE Class:Actor Name:coinblueprint_C_UAID_18C04D24246C734801_1578625434 SpatiallyLoaded:true Bounds:IsValid=true, Min=(X=-263.470 Y=110.847 Z=41.774), Max=(X=-244.329 Y=210.217 Z=141.109) RuntimeGrid:None EditorOnly:false LevelBoundsRelevant:true HLODRelevant:false FolderPath:None FolderGuid:00000000000000000000000000000000 Parent:00000000000000000000000000000000
   |      - Guid:239B6DE540F0402CD75E1D8838BD63D5 Class:StaticMeshActor Name:StaticMeshActor_UAID_18C04D24246C654701_1854379921 SpatiallyLoaded:true Bounds:IsValid=true, Min=(X=-250.851 Y=-15.196 Z=152.399), Max=(X=-246.332 Y=8.148 Z=157.014) RuntimeGrid:None EditorOnly:false LevelBoundsRelevant:true HLODRelevant:true FolderPath:None FolderGuid:00000000000000000000000000000000 Parent:00000000000000000000000000000000
   |      - Guid:2FB58999456391D349DC0F86DAC136ED Class:SkyLight Name:SkyLight_1 SpatiallyLoaded:false Bounds:IsValid=true, Min=(X=0.000 Y=0.000 Z=690.000), Max=(X=0.000 Y=0.000 Z=690.000) RuntimeGrid:None EditorOnly:false LevelBoundsRelevant:false HLODRelevant:false FolderPath:Lighting FolderGuid:963EC3EB4002CCE9759E2EBA541A873A Parent:00000000000000000000000000000000
   |      - Guid:316CF2A6494ACA4C0E4180A87D36AB8F Class:ExponentialHeightFog Name:ExponentialHeightFog_0 SpatiallyLoaded:false Bounds:IsValid=true, Min=(X=-5600.000 Y=-50.000 Z=-6850.000), Max=(X=-5600.000 Y=-50.000 Z=-6850.000) RuntimeGrid:None EditorOnly:false LevelBoundsRelevant:false HLODRelevant:false FolderPath:Lighting FolderGuid:963EC3EB4002CCE9759E2EBA541A873A Parent:00000000000000000000000000000000
   |      - Guid:3A00AA1C422CE54C0BDB60BAF471BFBB Class:PlayerStart Name:PlayerStart_0 SpatiallyLoaded:false Bounds:IsValid=true, Min=(X=-1176.000 Y=-40.000 Z=48.000), Max=(X=-1096.000 Y=40.000 Z=232.000) RuntimeGrid:None EditorOnly:false LevelBoundsRelevant:true HLODRelevant:false FolderPath:None FolderGuid:00000000000000000000000000000000 Parent:00000000000000000000000000000000
   |      - Guid:475EC04A4345DD1DA3DC43847F805697 Class:Actor Name:coinblueprint_C_UAID_18C04D24246C734801_1123625432 SpatiallyLoaded:true Bounds:IsValid=true, Min=(X=-263.470 Y=-49.153 Z=121.774), Max=(X=-244.329 Y=50.217 Z=221.109) RuntimeGrid:None EditorOnly:false LevelBoundsRelevant:true HLODRelevant:false FolderPath:None FolderGuid:00000000000000000000000000000000 Parent:00000000000000000000000000000000
   |      - Guid:4884C4F242A2C9571439ECB368671C96 Class:StaticMeshActor Name:StaticMeshActor_UAID_18C04D24246C654701_1165346920 SpatiallyLoaded:true Bounds:IsValid=true, Min=(X=-295.958 Y=-84.940 Z=24.788), Max=(X=-192.042 Y=84.940 Z=102.288) RuntimeGrid:None EditorOnly:false LevelBoundsRelevant:true HLODRelevant:true FolderPath:None FolderGuid:00000000000000000000000000000000 Parent:00000000000000000000000000000000
   |      - Guid:4D3BE93F4146AAAC8BBE79999D96D57F Class:VolumetricCloud Name:VolumetricCloud_0 SpatiallyLoaded:false Bounds:IsValid=true, Min=(X=0.000 Y=0.000 Z=820.000), Max=(X=0.000 Y=0.000 Z=820.000) RuntimeGrid:None EditorOnly:false LevelBoundsRelevant:false HLODRelevant:false FolderPath:Lighting FolderGuid:963EC3EB4002CCE9759E2EBA541A873A Parent:00000000000000000000000000000000
   |      - Guid:63F61AAC4F500C1FD41CC4A322642676 Class:Actor Name:coinblueprint_C_UAID_18C04D24246C734801_1577333433 SpatiallyLoaded:true Bounds:IsValid=true, Min=(X=-263.470 Y=-199.153 Z=41.774), Max=(X=-244.329 Y=-99.783 Z=141.109) RuntimeGrid:None EditorOnly:false LevelBoundsRelevant:true HLODRelevant:false FolderPath:None FolderGuid:00000000000000000000000000000000 Parent:00000000000000000000000000000000
   |      - Guid:6BAF4DDD444C60371492D3919DB42C97 Class:WorldDataLayers Name:WorldDataLayers SpatiallyLoaded:false Bounds:IsValid=true, Min=(X=0.000 Y=0.000 Z=0.000), Max=(X=0.000 Y=0.000 Z=0.000) RuntimeGrid:None EditorOnly:false LevelBoundsRelevant:false HLODRelevant:false FolderPath:None FolderGuid:00000000000000000000000000000000 Parent:00000000000000000000000000000000
   |      - Guid:9BE501F347BC395FF1FF5C8C8294964C Class:StaticMeshActor Name:StaticMeshActor_UAID_18C04D24246C654701_1854396922 SpatiallyLoaded:true Bounds:IsValid=true, Min=(X=-253.470 Y=-54.153 Z=111.774), Max=(X=-234.329 Y=45.217 Z=211.109) RuntimeGrid:None EditorOnly:false LevelBoundsRelevant:true HLODRelevant:true FolderPath:None FolderGuid:00000000000000000000000000000000 Parent:00000000000000000000000000000000
   |      - Guid:A006511E431AF8C62BFE90A29B5AAF96 Class:StaticMeshActor Name:StaticMeshActor_UAID_18C04D24246C654701_1854411923 SpatiallyLoaded:true Bounds:IsValid=true, Min=(X=-250.935 Y=-12.247 Z=144.418), Max=(X=-244.133 Y=11.703 Z=181.719) RuntimeGrid:None EditorOnly:false LevelBoundsRelevant:true HLODRelevant:true FolderPath:None FolderGuid:00000000000000000000000000000000 Parent:00000000000000000000000000000000
   |      - Guid:A79749B7408236907C219AB05C01A974 Class:Actor Name:NewBlueprint_C_UAID_18C04D24246C2A4701_1228644527 SpatiallyLoaded:true Bounds:IsValid=true, Min=(X=-1180.000 Y=-332.672 Z=-339.618), Max=(X=2690.000 Y=332.672 Z=339.618) RuntimeGrid:None EditorOnly:false LevelBoundsRelevant:true HLODRelevant:false FolderPath:None FolderGuid:00000000000000000000000000000000 Parent:00000000000000000000000000000000
   |      - Guid:B785ED2844B84CFB91E7F39FE661CD99 Class:DirectionalLight Name:DirectionalLight_0 SpatiallyLoaded:false Bounds:IsValid=true, Min=(X=-1048576.000 Y=-1048576.000 Z=-1048576.000), Max=(X=1048576.000 Y=1048576.000 Z=1048576.000) RuntimeGrid:None EditorOnly:false LevelBoundsRelevant:false HLODRelevant:false FolderPath:Lighting FolderGuid:963EC3EB4002CCE9759E2EBA541A873A Parent:00000000000000000000000000000000
   |      - Guid:CCFF262C46EEFFDF319E7F9539CE697E Class:SkyAtmosphere Name:SkyAtmosphere_0 SpatiallyLoaded:false Bounds:IsValid=true, Min=(X=0.000 Y=0.000 Z=1020.000), Max=(X=0.000 Y=0.000 Z=1020.000) RuntimeGrid:None EditorOnly:false LevelBoundsRelevant:false HLODRelevant:false FolderPath:Lighting FolderGuid:963EC3EB4002CCE9759E2EBA541A873A Parent:00000000000000000000000000000000
   |      - Guid:EEBE90F343B757ECBD7813A84A0BC48B Class:Actor Name:NewBlueprint1_C_UAID_18C04D24246CB54801_1282050047 SpatiallyLoaded:true Bounds:IsValid=true, Min=(X=-702.500 Y=-82.500 Z=-45.000), Max=(X=-477.500 Y=142.500 Z=68.297) RuntimeGrid:None EditorOnly:false LevelBoundsRelevant:true HLODRelevant:false FolderPath:None FolderGuid:00000000000000000000000000000000 Parent:00000000000000000000000000000000
